2025-05-08 14:42:27,383 - INFO - Selected folder: D:/Tasarýmlarým
2025-05-08 14:42:29,541 - INFO - Started processing files
2025-05-08 14:42:29,542 - INFO - Category mappings loaded successfully
2025-05-08 14:42:29,543 - INFO - Scanning directory: D:/Tasarýmlarým
2025-05-08 14:42:29,676 - INFO - Found 36 files
2025-05-08 14:42:29,676 - INFO - File classified as: media
2025-05-08 14:42:29,677 - INFO - File classified as: media
2025-05-08 14:42:29,677 - INFO - File classified as: media
2025-05-08 14:42:29,678 - INFO - File classified as: design
2025-05-08 14:42:29,678 - INFO - File classified as: design
2025-05-08 14:42:29,678 - INFO - File classified as: media
2025-05-08 14:42:29,678 - INFO - File classified as: media
2025-05-08 14:42:29,678 - INFO - File classified as: media
2025-05-08 14:42:29,678 - INFO - File classified as: design
2025-05-08 14:42:29,678 - INFO - File classified as: media
2025-05-08 14:42:29,678 - INFO - File classified as: media
2025-05-08 14:42:29,679 - INFO - File classified as: media
2025-05-08 14:42:29,679 - INFO - File classified as: media
2025-05-08 14:42:29,679 - INFO - File classified as: design
2025-05-08 14:42:29,679 - INFO - File classified as: archive
2025-05-08 14:42:29,679 - INFO - File classified as: design
2025-05-08 14:42:29,679 - INFO - File classified as: document
2025-05-08 14:42:29,679 - INFO - File classified as: document
2025-05-08 14:42:29,679 - INFO - File classified as: document
2025-05-08 14:42:29,679 - INFO - File classified as: document
2025-05-08 14:42:29,679 - INFO - File classified as: document
2025-05-08 14:42:29,679 - INFO - File classified as: document
2025-05-08 14:42:29,679 - INFO - File classified as: document
2025-05-08 14:42:29,679 - INFO - File classified as: document
2025-05-08 14:42:29,679 - INFO - File classified as: design
2025-05-08 14:42:29,679 - INFO - File classified as: archive
2025-05-08 14:42:29,679 - INFO - File classified as: media
2025-05-08 14:42:29,679 - INFO - File classified as: media
2025-05-08 14:42:29,680 - INFO - File classified as: design
2025-05-08 14:42:29,680 - INFO - File classified as: media
2025-05-08 14:42:29,680 - INFO - File classified as: media
2025-05-08 14:42:29,680 - INFO - File classified as: media
2025-05-08 14:42:29,680 - INFO - File classified as: design
2025-05-08 14:42:29,680 - INFO - File classified as: media
2025-05-08 14:42:29,680 - INFO - File classified as: media
2025-05-08 14:42:29,680 - INFO - File classified as: media
2025-05-08 14:42:29,681 - INFO - Created category folder: D:/Tasarýmlarým\media
2025-05-08 14:42:29,681 - INFO - Created category folder: D:/Tasarýmlarým\design
2025-05-08 14:42:29,682 - INFO - Created category folder: D:/Tasarýmlarým\archive
2025-05-08 14:42:29,683 - INFO - Created category folder: D:/Tasarýmlarým\document
2025-05-08 14:42:29,684 - INFO - Moved file: D:/Tasarýmlarým\1.png -> D:/Tasarýmlarým\media\1.png
2025-05-08 14:42:29,685 - INFO - Moved file: D:/Tasarýmlarým\11.png -> D:/Tasarýmlarým\media\11.png
2025-05-08 14:42:29,686 - INFO - Moved file: D:/Tasarýmlarým\12.png -> D:/Tasarýmlarým\media\12.png
2025-05-08 14:42:29,687 - INFO - Moved file: D:/Tasarýmlarým\21.png -> D:/Tasarýmlarým\media\21.png
2025-05-08 14:42:29,688 - INFO - Moved file: D:/Tasarýmlarým\22.png -> D:/Tasarýmlarým\media\22.png
2025-05-08 14:42:29,689 - INFO - Moved file: D:/Tasarýmlarým\23.png -> D:/Tasarýmlarým\media\23.png
2025-05-08 14:42:29,689 - INFO - Moved file: D:/Tasarýmlarým\4.png -> D:/Tasarýmlarým\media\4.png
2025-05-08 14:42:29,691 - INFO - Moved file: D:/Tasarýmlarým\41.png -> D:/Tasarýmlarým\media\41.png
2025-05-08 14:42:29,692 - INFO - Moved file: D:/Tasarýmlarým\42.png -> D:/Tasarýmlarým\media\42.png
2025-05-08 14:42:29,693 - INFO - Moved file: D:/Tasarýmlarým\42131.png -> D:/Tasarýmlarým\media\42131.png
2025-05-08 14:42:29,694 - INFO - Moved file: D:/Tasarýmlarým\Mailer_Box_Mockup_1.jpg -> D:/Tasarýmlarým\media\Mailer_Box_Mockup_1.jpg
2025-05-08 14:42:29,695 - INFO - Moved file: D:/Tasarýmlarým\Mailer_Box_Mockup_2.jpg -> D:/Tasarýmlarým\media\Mailer_Box_Mockup_2.jpg
2025-05-08 14:42:29,696 - INFO - Moved file: D:/Tasarýmlarým\Mailer_Box_Mockup_3.jpg -> D:/Tasarýmlarým\media\Mailer_Box_Mockup_3.jpg
2025-05-08 14:42:29,696 - INFO - Moved file: D:/Tasarýmlarým\Mailer_Box_Mockup_4.jpg -> D:/Tasarýmlarým\media\Mailer_Box_Mockup_4.jpg
2025-05-08 14:42:29,697 - INFO - Moved file: D:/Tasarýmlarým\Mailer_Box_Mockup_5.jpg -> D:/Tasarýmlarým\media\Mailer_Box_Mockup_5.jpg
2025-05-08 14:42:29,698 - INFO - Moved file: D:/Tasarýmlarým\yeni.png -> D:/Tasarýmlarým\media\yeni.png
2025-05-08 14:42:29,699 - INFO - Moved file: D:/Tasarýmlarým\yeni1.png -> D:/Tasarýmlarým\media\yeni1.png
2025-05-08 14:42:29,699 - INFO - Moved file: D:/Tasarýmlarým\yeni3.png -> D:/Tasarýmlarým\media\yeni3.png
2025-05-08 14:42:29,700 - INFO - Moved file: D:/Tasarýmlarým\12.psd -> D:/Tasarýmlarým\design\12.psd
2025-05-08 14:42:29,701 - INFO - Moved file: D:/Tasarýmlarým\2.psd -> D:/Tasarýmlarým\design\2.psd
2025-05-08 14:42:29,702 - INFO - Moved file: D:/Tasarýmlarým\23.psd -> D:/Tasarýmlarým\design\23.psd
2025-05-08 14:42:29,703 - INFO - Moved file: D:/Tasarýmlarým\42141.psd -> D:/Tasarýmlarým\design\42141.psd
2025-05-08 14:42:29,704 - INFO - Moved file: D:/Tasarýmlarým\blackbutterfinnaflylogocopy.ai -> D:/Tasarýmlarým\design\blackbutterfinnaflylogocopy.ai
2025-05-08 14:42:29,705 - INFO - Moved file: D:/Tasarýmlarým\Free Delivery Shipping Box Mockup PSD.psd -> D:/Tasarýmlarým\design\Free Delivery Shipping Box Mockup PSD.psd
2025-05-08 14:42:29,705 - INFO - Moved file: D:/Tasarýmlarým\Mailer_Box_Mockup_2.psd -> D:/Tasarýmlarým\design\Mailer_Box_Mockup_2.psd
2025-05-08 14:42:29,706 - INFO - Moved file: D:/Tasarýmlarým\mockup11.psd -> D:/Tasarýmlarým\design\mockup11.psd
2025-05-08 14:42:29,706 - INFO - Moved file: D:/Tasarýmlarým\BBFF LOGOS PNG-20250402T222703Z-001.zip -> D:/Tasarýmlarým\archive\BBFF LOGOS PNG-20250402T222703Z-001.zip
2025-05-08 14:42:29,707 - INFO - Moved file: D:/Tasarýmlarým\Free-Delivery-Shipping-Box-Mockup-PSD (1).rar -> D:/Tasarýmlarým\archive\Free-Delivery-Shipping-Box-Mockup-PSD (1).rar
2025-05-08 14:42:29,707 - INFO - Moved file: D:/Tasarýmlarým\Blackbutterfly1.pdf -> D:/Tasarýmlarým\document\Blackbutterfly1.pdf
2025-05-08 14:42:29,708 - INFO - Moved file: D:/Tasarýmlarým\Blackbutterfly2.pdf -> D:/Tasarýmlarým\document\Blackbutterfly2.pdf
2025-05-08 14:42:29,708 - INFO - Moved file: D:/Tasarýmlarým\Blackbutterfly4 (1).pdf -> D:/Tasarýmlarým\document\Blackbutterfly4 (1).pdf
2025-05-08 14:42:29,709 - INFO - Moved file: D:/Tasarýmlarým\Blackbutterfly4.pdf -> D:/Tasarýmlarým\document\Blackbutterfly4.pdf
2025-05-08 14:42:29,710 - INFO - Moved file: D:/Tasarýmlarým\Blackbutterfly5.pdf -> D:/Tasarýmlarým\document\Blackbutterfly5.pdf
2025-05-08 14:42:29,710 - INFO - Moved file: D:/Tasarýmlarým\Blackbutterfly5final.pdf -> D:/Tasarýmlarým\document\Blackbutterfly5final.pdf
2025-05-08 14:42:29,711 - INFO - Moved file: D:/Tasarýmlarým\Blackbutterfly6final.pdf -> D:/Tasarýmlarým\document\Blackbutterfly6final.pdf
2025-05-08 14:42:29,711 - INFO - Moved file: D:/Tasarýmlarým\butterfly4final.pdf -> D:/Tasarýmlarým\document\butterfly4final.pdf
2025-05-08 14:42:31,182 - INFO - Process completed: 36 success, 0 errors
